mode: set
github.com/anfelo/scapler/render/render.go:35.111,36.37 1 1
github.com/anfelo/scapler/render/render.go:43.2,43.52 1 1
github.com/anfelo/scapler/render/render.go:37.12,38.36 1 1
github.com/anfelo/scapler/render/render.go:39.13,40.48 1 1
github.com/anfelo/scapler/render/render.go:41.10,41.10 0 1
github.com/anfelo/scapler/render/render.go:46.102,48.16 2 1
github.com/anfelo/scapler/render/render.go:52.2,53.17 2 1
github.com/anfelo/scapler/render/render.go:57.2,58.16 2 1
github.com/anfelo/scapler/render/render.go:62.2,62.12 1 1
github.com/anfelo/scapler/render/render.go:48.16,50.3 1 1
github.com/anfelo/scapler/render/render.go:53.17,55.3 1 0
github.com/anfelo/scapler/render/render.go:58.16,60.3 1 0
github.com/anfelo/scapler/render/render.go:65.122,68.22 2 1
github.com/anfelo/scapler/render/render.go:74.2,75.17 2 1
github.com/anfelo/scapler/render/render.go:79.2,80.16 2 1
github.com/anfelo/scapler/render/render.go:85.2,85.46 1 1
github.com/anfelo/scapler/render/render.go:89.2,89.12 1 1
github.com/anfelo/scapler/render/render.go:68.22,70.3 1 1
github.com/anfelo/scapler/render/render.go:70.8,72.3 1 0
github.com/anfelo/scapler/render/render.go:75.17,77.3 1 0
github.com/anfelo/scapler/render/render.go:80.16,83.3 2 1
github.com/anfelo/scapler/render/render.go:85.46,88.3 2 0
